\BOOKMARK [1][-]{section.1}{Lie Groups and Lie Algebras}{}% 1
\BOOKMARK [2][-]{subsection.1.1}{Basic Definitions}{section.1}% 2
\BOOKMARK [2][-]{subsection.1.2}{Matrix Groups}{section.1}% 3
\BOOKMARK [2][-]{subsection.1.3}{Some Properties of Lie Algebras}{section.1}% 4
\BOOKMARK [2][-]{subsection.1.4}{The Exponential Map}{section.1}% 5
\BOOKMARK [1][-]{section.2}{Representations}{}% 6
\BOOKMARK [2][-]{subsection.2.1}{Basic Definitions}{section.2}% 7
\BOOKMARK [2][-]{subsection.2.2}{The Representation Theory of su\(2\)}{section.2}% 8
\BOOKMARK [2][-]{subsection.2.3}{Derived Representations}{section.2}% 9
\BOOKMARK [2][-]{subsection.2.4}{The Clebsch-Gordan Decomposition}{section.2}% 10
\BOOKMARK [1][-]{section.3}{The Cartan Classification}{}% 11
\BOOKMARK [2][-]{subsection.3.1}{The Killing Form}{section.3}% 12
\BOOKMARK [2][-]{subsection.3.2}{Complexification}{section.3}% 13
\BOOKMARK [2][-]{subsection.3.3}{The Cartan-Weyl Basis}{section.3}% 14
\BOOKMARK [2][-]{subsection.3.4}{Root Strings}{section.3}% 15
\BOOKMARK [2][-]{subsection.3.5}{The Real Geometry of Roots}{section.3}% 16
\BOOKMARK [2][-]{subsection.3.6}{Simple Roots}{section.3}% 17
\BOOKMARK [2][-]{subsection.3.7}{Dynkin Diagrams}{section.3}% 18
\BOOKMARK [1][-]{section.4}{Reconstructing the Lie Algebra}{}% 19
\BOOKMARK [2][-]{subsection.4.1}{Representations of g}{section.4}% 20
\BOOKMARK [2][-]{subsection.4.2}{Root and Weight Lattices}{section.4}% 21
\BOOKMARK [2][-]{subsection.4.3}{Highest Weight Representations}{section.4}% 22
\BOOKMARK [1][-]{section.5}{Symmetries in Quantum Mechanics}{}% 23
\BOOKMARK [1][-]{appendix.A}{Complex Vector Spaces}{}% 24
