\BOOKMARK [0][-]{chapter.1}{Manifolds}{}% 1
\BOOKMARK [1][-]{section.1.1}{Curves, Vector Fields \046 Tensors}{chapter.1}% 2
\BOOKMARK [2][-]{subsection.1.1.1}{Covectors}{section.1.1}% 3
\BOOKMARK [2][-]{subsection.1.1.2}{Abstract Index Notation \(Penrose\)}{section.1.1}% 4
\BOOKMARK [2][-]{subsection.1.1.3}{Tensors}{section.1.1}% 5
\BOOKMARK [1][-]{section.1.2}{Metrics}{chapter.1}% 6
\BOOKMARK [1][-]{section.1.3}{Extremising Proper Time}{chapter.1}% 7
\BOOKMARK [1][-]{section.1.4}{Covariant Derivatives \046 the Levi-Civita Connection}{chapter.1}% 8
\BOOKMARK [2][-]{subsection.1.4.1}{Connections}{section.1.4}% 9
\BOOKMARK [2][-]{subsection.1.4.2}{The Levi-Civita Connection}{section.1.4}% 10
\BOOKMARK [2][-]{subsection.1.4.3}{Parallel Transport}{section.1.4}% 11
\BOOKMARK [1][-]{section.1.5}{The Riemann Tensor}{chapter.1}% 12
\BOOKMARK [2][-]{subsection.1.5.1}{Curvature and Parallel Transport}{section.1.5}% 13
\BOOKMARK [2][-]{subsection.1.5.2}{Symmetries of the Riemann Tensor}{section.1.5}% 14
\BOOKMARK [2][-]{subsection.1.5.3}{Geodesic Deviation}{section.1.5}% 15
\BOOKMARK [2][-]{subsection.1.5.4}{Curvature of the Levi-Civita Connection}{section.1.5}% 16
\BOOKMARK [0][-]{chapter.2}{The Einstein Equations}{}% 17
\BOOKMARK [1][-]{section.2.1}{Examples}{chapter.2}% 18
\BOOKMARK [2][-]{subsection.2.1.1}{Schwarzshild Metric}{section.2.1}% 19
\BOOKMARK [2][-]{subsection.2.1.2}{The n-sphere}{section.2.1}% 20
\BOOKMARK [2][-]{subsection.2.1.3}{The pp wave}{section.2.1}% 21
\BOOKMARK [0][-]{chapter.3}{Into Non-Riemannian Geometries}{}% 22
\BOOKMARK [1][-]{section.3.1}{Newton-Cartan Geometries}{chapter.3}% 23
\BOOKMARK [1][-]{section.3.2}{Projective Structures}{chapter.3}% 24
\BOOKMARK [1][-]{section.3.3}{Magnetic Geometries and Kaluza-Klein Reductions}{chapter.3}% 25
\BOOKMARK [0][-]{chapter.4}{Physical Laws on Curved Spacetime}{}% 26
\BOOKMARK [1][-]{section.4.1}{Equivalence Principles}{chapter.4}% 27
\BOOKMARK [1][-]{section.4.2}{Minimal Coupling}{chapter.4}% 28
